<?xml version="1.0" encoding="UTF-8"?>
<testsuite name="PhoneBookTest" tests="1" skipped="0" failures="0" errors="0" timestamp="2021-12-23T16:08:47" hostname="DESKTOP-C650NMD" time="37.335">
  <properties/>
  <testcase name="start" classname="PhoneBookTest" time="37.335"/>
  <system-out><![CDATA[?[1;31m
Start test 1?[0m
Start searching (linear search)...
Found 500 / 500 entries. Time taken: 0 min. 2 sec. 767 ms.

Start searching (bubble sort + jump search)...
Found 500 / 500 entries.Time taken: 0 min. 30 sec. 569 ms.
Sorting time: 0 min. 27 sec. 671 ms.- STOPPED, moved to linear search
Searching time: 0 min. 2 sec. 898 ms.

Start searching (quick sort + binary search)...
Found 500 / 500 entries.Time taken: 0 min. 2 sec. 604 ms.
Sorting time: 0 min. 2 sec. 452 ms.
Searching time: 0 min. 0 sec. 152 ms.

Start searching (hash table)...
Found 500 / 500 entries.Time taken: 0 min. 0 sec. 553 ms.
Creating time: 0 min. 0 sec. 552 ms.
Searching time: 0 min. 0 sec. 1 ms.
]]></system-out>
  <system-err><![CDATA[]]></system-err>
</testsuite>
